<?xml version="1.0" encoding="UTF-8"?>
<coverage generated="1775056337942" clover="3.2.0">
  <project timestamp="1775056337942" name="All files">
    <metrics statements="12" coveredstatements="12" conditionals="11" coveredconditionals="11" methods="1" coveredmethods="1" elements="24" coveredelements="24" complexity="0" loc="12" ncloc="12" packages="1" files="1" classes="1"/>
    <file name="calculadora.js" path="C:\Users\PEDRO\Desktop\faculdade\atividade 2 devOps\calculadora-desconto\calculadora.js">
      <metrics statements="12" coveredstatements="12" conditionals="11" coveredconditionals="11" methods="1" coveredmethods="1"/>
      <line num="3" count="5" type="cond" truecount="2" falsecount="0"/>
      <line num="4" count="1" type="stmt"/>
      <line num="7" count="4" type="stmt"/>
      <line num="9" count="4" type="cond" truecount="4" falsecount="0"/>
      <line num="10" count="2" type="stmt"/>
      <line num="11" count="2" type="cond" truecount="2" falsecount="0"/>
      <line num="12" count="1" type="stmt"/>
      <line num="15" count="4" type="cond" truecount="2" falsecount="0"/>
      <line num="16" count="1" type="stmt"/>
      <line num="19" count="4" type="stmt"/>
      <line num="20" count="4" type="stmt"/>
      <line num="24" count="1" type="stmt"/>
    </file>
  </project>
</coverage>
